2025-02-18T03:27:21.820Z info: Next.js and Socket.io server is running on port 3000
2025-02-18T03:28:13.832Z info: 用户 vileplume006(user_2sxxrh6lmhJcbTaV6xO11PTv9Ka) 已认证
2025-02-18T03:28:13.834Z info: 用户连接: vileplume006(user_2sxxrh6lmhJcbTaV6xO11PTv9Ka)
2025-02-18T03:28:17.061Z info: 房间 "11111" 已创建
2025-02-18T03:28:17.062Z info: 用户 "vileplume006" 加入了房间 "11111"
2025-02-18T03:29:33.357Z info: 用户 vileplume(user_2syVazSeELnbOTs2gda6YC9piY3) 已认证
2025-02-18T03:29:33.362Z info: 用户连接: vileplume(user_2syVazSeELnbOTs2gda6YC9piY3)
2025-02-18T03:29:36.031Z info: 用户 "vileplume" 加入了房间 "11111"
2025-02-18T03:32:29.419Z info: Next.js and Socket.io server is running on port 3000
2025-02-18T03:32:31.298Z info: 用户 vileplume(user_2syVazSeELnbOTs2gda6YC9piY3) 已认证
2025-02-18T03:32:31.299Z info: 用户连接: vileplume(user_2syVazSeELnbOTs2gda6YC9piY3)
2025-02-18T03:32:31.307Z info: 用户 vileplume006(user_2sxxrh6lmhJcbTaV6xO11PTv9Ka) 已认证
2025-02-18T03:32:31.308Z info: 用户连接: vileplume006(user_2sxxrh6lmhJcbTaV6xO11PTv9Ka)
2025-02-18T03:32:31.323Z info: 房间 "11111" 已创建
2025-02-18T03:32:31.324Z info: 用户 "vileplume" 加入了房间 "11111"
2025-02-18T03:32:31.332Z info: 用户 "vileplume006" 加入了房间 "11111"
2025-02-18T03:32:41.808Z info: Message from "vileplume006" in room "11111": hello
2025-02-18T03:42:28.490Z info: Next.js and Socket.io server is running on port 3000
2025-02-18T03:42:29.297Z info: 用户 vileplume(user_2syVazSeELnbOTs2gda6YC9piY3) 已认证
2025-02-18T03:42:29.298Z info: 用户连接: vileplume(user_2syVazSeELnbOTs2gda6YC9piY3)
2025-02-18T03:42:29.313Z info: 房间 "11111" 已创建
2025-02-18T03:42:29.313Z info: 用户 "vileplume" 加入了房间 "11111"
2025-02-18T03:42:31.309Z info: 用户 vileplume006(user_2sxxrh6lmhJcbTaV6xO11PTv9Ka) 已认证
2025-02-18T03:42:31.310Z info: 用户连接: vileplume006(user_2sxxrh6lmhJcbTaV6xO11PTv9Ka)
2025-02-18T03:42:31.328Z info: 用户 "vileplume006" 加入了房间 "11111"
2025-02-18T03:42:43.283Z info: Message from "vileplume006" in room "11111": hello
2025-02-18T07:21:02.555Z info: 用户断开连接: vileplume006(user_2sxxrh6lmhJcbTaV6xO11PTv9Ka)
2025-02-18T07:22:33.702Z info: 用户 vileplume006(user_2sxxrh6lmhJcbTaV6xO11PTv9Ka) 已认证
2025-02-18T07:22:33.703Z info: 用户连接: vileplume006(user_2sxxrh6lmhJcbTaV6xO11PTv9Ka)
2025-02-18T07:22:33.827Z info: 房间 "11111" 已创建
2025-02-18T07:22:33.828Z info: 用户 "vileplume006" 加入了房间 "11111"
2025-02-18T07:38:27.462Z info: 断开用户 user_2sxxrh6lmhJcbTaV6xO11PTv9Ka 的旧连接
2025-02-18T07:38:27.465Z info: 用户断开连接: vileplume006(user_2sxxrh6lmhJcbTaV6xO11PTv9Ka)
2025-02-18T07:38:27.466Z info: 用户 vileplume006(user_2sxxrh6lmhJcbTaV6xO11PTv9Ka) 已认证
2025-02-18T07:38:27.468Z info: 用户连接: vileplume006(user_2sxxrh6lmhJcbTaV6xO11PTv9Ka)
2025-02-18T07:38:27.809Z info: 房间 "11111" 已创建
2025-02-18T07:38:27.810Z info: 用户 "vileplume006" 加入了房间 "11111"
2025-02-18T07:38:50.644Z info: 用户 "vileplume006" 离开了房间 "11111"
2025-02-18T07:38:54.875Z info: 用户 "vileplume006" 加入了房间 "11111"
2025-02-18T07:39:02.643Z info: 用户 "vileplume006" 离开了房间 "11111"
2025-02-18T07:39:06.588Z info: 用户 "vileplume006" 加入了房间 "11111"
2025-02-18T07:39:16.744Z info: Message from "vileplume" in room "11111": do you hear me
2025-02-18T07:48:11.067Z info: 断开用户 user_2sxxrh6lmhJcbTaV6xO11PTv9Ka 的旧连接
2025-02-18T07:48:11.069Z info: 用户断开连接: vileplume006(user_2sxxrh6lmhJcbTaV6xO11PTv9Ka)
2025-02-18T07:48:11.070Z info: 用户 vileplume006(user_2sxxrh6lmhJcbTaV6xO11PTv9Ka) 已认证
2025-02-18T07:48:11.071Z info: 用户连接: vileplume006(user_2sxxrh6lmhJcbTaV6xO11PTv9Ka)
2025-02-18T07:48:11.074Z info: 断开用户 user_2sxxrh6lmhJcbTaV6xO11PTv9Ka 的旧连接
2025-02-18T07:48:11.074Z info: 用户断开连接: vileplume006(user_2sxxrh6lmhJcbTaV6xO11PTv9Ka)
2025-02-18T07:48:11.075Z info: 用户 vileplume006(user_2sxxrh6lmhJcbTaV6xO11PTv9Ka) 已认证
2025-02-18T07:48:11.076Z info: 用户连接: vileplume006(user_2sxxrh6lmhJcbTaV6xO11PTv9Ka)
2025-02-18T07:48:11.110Z info: 房间 "11111" 已创建
2025-02-18T07:48:11.110Z info: 用户 "vileplume006" 加入了房间 "11111"
2025-02-18T07:48:17.323Z info: 用户 "vileplume006" 离开了房间 "11111"
2025-02-18T07:48:20.492Z info: 用户 "vileplume006" 加入了房间 "11111"
2025-02-18T07:48:29.452Z info: 用户断开连接: vileplume(user_2syVazSeELnbOTs2gda6YC9piY3)
2025-02-18T07:48:30.214Z info: 用户 vileplume(user_2syVazSeELnbOTs2gda6YC9piY3) 已认证
2025-02-18T07:48:30.216Z info: 用户连接: vileplume(user_2syVazSeELnbOTs2gda6YC9piY3)
2025-02-18T07:48:30.231Z info: 断开用户 user_2syVazSeELnbOTs2gda6YC9piY3 的旧连接
2025-02-18T07:48:30.231Z info: 用户断开连接: vileplume(user_2syVazSeELnbOTs2gda6YC9piY3)
2025-02-18T07:48:30.233Z info: 用户 vileplume(user_2syVazSeELnbOTs2gda6YC9piY3) 已认证
2025-02-18T07:48:30.233Z info: 用户连接: vileplume(user_2syVazSeELnbOTs2gda6YC9piY3)
2025-02-18T07:48:30.254Z info: 房间 "11111" 已创建
2025-02-18T07:48:30.255Z info: 用户 "vileplume" 加入了房间 "11111"
2025-02-18T07:48:41.397Z info: 用户 "vileplume006" 离开了房间 "11111"
2025-02-18T07:48:45.828Z info: 用户 "vileplume006" 加入了房间 "11111"
2025-02-18T07:48:55.339Z info: 用户 "vileplume" 离开了房间 "11111"
2025-02-18T07:48:59.282Z info: 用户 "vileplume006" 离开了房间 "11111"
2025-02-18T07:49:02.317Z info: 用户断开连接: vileplume(user_2syVazSeELnbOTs2gda6YC9piY3)
2025-02-18T07:58:09.099Z info: 用户断开连接: vileplume006(user_2sxxrh6lmhJcbTaV6xO11PTv9Ka)
2025-02-18T07:58:20.788Z info: 用户 vileplume006(user_2sxxrh6lmhJcbTaV6xO11PTv9Ka) 已认证
2025-02-18T07:58:20.790Z info: 用户连接: vileplume006(user_2sxxrh6lmhJcbTaV6xO11PTv9Ka)
2025-02-18T07:58:20.792Z info: 断开用户 user_2sxxrh6lmhJcbTaV6xO11PTv9Ka 的旧连接
2025-02-18T07:58:20.793Z info: 用户断开连接: vileplume006(user_2sxxrh6lmhJcbTaV6xO11PTv9Ka)
2025-02-18T07:58:20.794Z info: 用户 vileplume006(user_2sxxrh6lmhJcbTaV6xO11PTv9Ka) 已认证
2025-02-18T07:58:20.794Z info: 用户连接: vileplume006(user_2sxxrh6lmhJcbTaV6xO11PTv9Ka)
2025-02-18T08:01:27.453Z info: 用户断开连接: vileplume006(user_2sxxrh6lmhJcbTaV6xO11PTv9Ka)
2025-02-18T08:03:18.675Z info: 用户 vileplume006(user_2sxxrh6lmhJcbTaV6xO11PTv9Ka) 已认证
2025-02-18T08:03:18.676Z info: 用户连接: vileplume006(user_2sxxrh6lmhJcbTaV6xO11PTv9Ka)
2025-02-18T08:03:18.684Z info: 断开用户 user_2sxxrh6lmhJcbTaV6xO11PTv9Ka 的旧连接
2025-02-18T08:03:18.684Z info: 用户断开连接: vileplume006(user_2sxxrh6lmhJcbTaV6xO11PTv9Ka)
2025-02-18T08:03:18.685Z info: 用户 vileplume006(user_2sxxrh6lmhJcbTaV6xO11PTv9Ka) 已认证
2025-02-18T08:03:18.685Z info: 用户连接: vileplume006(user_2sxxrh6lmhJcbTaV6xO11PTv9Ka)
2025-02-18T08:03:27.539Z info: 用户 "vileplume006" 加入了房间 "11111"
2025-02-18T08:03:39.506Z info: 用户 vileplume(user_2syVazSeELnbOTs2gda6YC9piY3) 已认证
2025-02-18T08:03:39.507Z info: 用户连接: vileplume(user_2syVazSeELnbOTs2gda6YC9piY3)
2025-02-18T08:03:39.508Z info: 断开用户 user_2syVazSeELnbOTs2gda6YC9piY3 的旧连接
2025-02-18T08:03:39.509Z info: 用户断开连接: vileplume(user_2syVazSeELnbOTs2gda6YC9piY3)
2025-02-18T08:03:39.510Z info: 用户 vileplume(user_2syVazSeELnbOTs2gda6YC9piY3) 已认证
2025-02-18T08:03:39.511Z info: 用户连接: vileplume(user_2syVazSeELnbOTs2gda6YC9piY3)
2025-02-18T08:08:02.885Z info: 用户 "vileplume006" 离开了房间 "11111"
2025-02-18T08:08:08.424Z info: 房间 "111111" 已创建
2025-02-18T08:08:08.426Z info: 用户 "vileplume006" 加入了房间 "111111"
2025-02-18T08:08:13.547Z info: 用户 "vileplume" 加入了房间 "111111"
2025-02-18T08:12:13.499Z info: 用户 "vileplume006" 离开了房间 "111111"
2025-02-18T08:12:20.571Z info: 用户 "vileplume" 离开了房间 "111111"
2025-02-18T08:47:25.740Z info: 房间 "12118" 已创建
2025-02-18T08:47:25.742Z info: 用户 "vileplume006" 加入了房间 "12118"
2025-02-18T08:48:38.966Z info: 用户 "vileplume" 加入了房间 "12118"
2025-02-18T08:48:43.827Z info: 用户 "vileplume" 离开了房间 "12118"
2025-02-18T08:48:47.836Z info: 用户 "vileplume" 加入了房间 "12118"
2025-02-18T08:48:49.011Z info: 用户 "vileplume" 离开了房间 "12118"
2025-02-18T08:48:50.196Z info: 用户 "vileplume" 加入了房间 "12118"
2025-02-18T08:48:50.643Z info: 用户 "vileplume" 离开了房间 "12118"
2025-02-18T08:48:51.876Z info: 用户 "vileplume" 加入了房间 "12118"
2025-02-18T08:48:56.643Z info: 用户 "vileplume" 离开了房间 "12118"
2025-02-18T08:49:01.574Z info: 用户 "vileplume" 加入了房间 "12118"
2025-02-18T08:49:03.099Z info: 用户 "vileplume" 离开了房间 "12118"
2025-02-18T08:52:46.073Z info: 用户断开连接: vileplume(user_2syVazSeELnbOTs2gda6YC9piY3)
2025-02-18T08:52:46.833Z info: 用户 vileplume(user_2syVazSeELnbOTs2gda6YC9piY3) 已认证
2025-02-18T08:52:46.834Z info: 用户连接: vileplume(user_2syVazSeELnbOTs2gda6YC9piY3)
2025-02-18T08:52:46.838Z info: 断开用户 user_2syVazSeELnbOTs2gda6YC9piY3 的旧连接
2025-02-18T08:52:46.838Z info: 用户断开连接: vileplume(user_2syVazSeELnbOTs2gda6YC9piY3)
2025-02-18T08:52:46.839Z info: 用户 vileplume(user_2syVazSeELnbOTs2gda6YC9piY3) 已认证
2025-02-18T08:52:46.839Z info: 用户连接: vileplume(user_2syVazSeELnbOTs2gda6YC9piY3)
2025-02-18T08:53:21.180Z info: 用户 "vileplume006" 离开了房间 "12118"
2025-02-18T08:53:28.063Z info: 房间 "12933" 已创建
2025-02-18T08:53:28.064Z info: 用户 "vileplume" 加入了房间 "12933"
2025-02-18T08:55:51.161Z info: 用户断开连接: vileplume006(user_2sxxrh6lmhJcbTaV6xO11PTv9Ka)
2025-02-18T08:56:05.940Z info: 用户 vileplume006(user_2sxxrh6lmhJcbTaV6xO11PTv9Ka) 已认证
2025-02-18T08:56:05.941Z info: 用户连接: vileplume006(user_2sxxrh6lmhJcbTaV6xO11PTv9Ka)
2025-02-18T08:56:05.943Z info: 断开用户 user_2sxxrh6lmhJcbTaV6xO11PTv9Ka 的旧连接
2025-02-18T08:56:05.943Z info: 用户断开连接: vileplume006(user_2sxxrh6lmhJcbTaV6xO11PTv9Ka)
2025-02-18T08:56:05.943Z info: 用户 vileplume006(user_2sxxrh6lmhJcbTaV6xO11PTv9Ka) 已认证
2025-02-18T08:56:05.944Z info: 用户连接: vileplume006(user_2sxxrh6lmhJcbTaV6xO11PTv9Ka)
2025-02-18T09:05:44.060Z info: 断开用户 user_2syVazSeELnbOTs2gda6YC9piY3 的旧连接
2025-02-18T09:05:44.061Z info: 用户断开连接: vileplume(user_2syVazSeELnbOTs2gda6YC9piY3)
2025-02-18T09:05:44.061Z info: 用户 vileplume(user_2syVazSeELnbOTs2gda6YC9piY3) 已认证
2025-02-18T09:05:44.062Z info: 用户连接: vileplume(user_2syVazSeELnbOTs2gda6YC9piY3)
2025-02-18T09:05:44.069Z info: 断开用户 user_2syVazSeELnbOTs2gda6YC9piY3 的旧连接
2025-02-18T09:05:44.069Z info: 用户断开连接: vileplume(user_2syVazSeELnbOTs2gda6YC9piY3)
2025-02-18T09:05:44.069Z info: 用户 vileplume(user_2syVazSeELnbOTs2gda6YC9piY3) 已认证
2025-02-18T09:05:44.070Z info: 用户连接: vileplume(user_2syVazSeELnbOTs2gda6YC9piY3)
2025-02-18T09:05:44.071Z info: 断开用户 user_2sxxrh6lmhJcbTaV6xO11PTv9Ka 的旧连接
2025-02-18T09:05:44.072Z info: 用户断开连接: vileplume006(user_2sxxrh6lmhJcbTaV6xO11PTv9Ka)
2025-02-18T09:05:44.072Z info: 用户 vileplume006(user_2sxxrh6lmhJcbTaV6xO11PTv9Ka) 已认证
2025-02-18T09:05:44.072Z info: 用户连接: vileplume006(user_2sxxrh6lmhJcbTaV6xO11PTv9Ka)
2025-02-18T09:05:44.073Z info: 断开用户 user_2sxxrh6lmhJcbTaV6xO11PTv9Ka 的旧连接
2025-02-18T09:05:44.073Z info: 用户断开连接: vileplume006(user_2sxxrh6lmhJcbTaV6xO11PTv9Ka)
2025-02-18T09:05:44.074Z info: 用户 vileplume006(user_2sxxrh6lmhJcbTaV6xO11PTv9Ka) 已认证
2025-02-18T09:05:44.074Z info: 用户连接: vileplume006(user_2sxxrh6lmhJcbTaV6xO11PTv9Ka)
2025-02-18T09:05:44.090Z info: 房间 "12933" 已创建
2025-02-18T09:05:44.091Z info: 用户 "vileplume" 加入了房间 "12933"
2025-02-18T09:13:31.529Z info: 断开用户 user_2syVazSeELnbOTs2gda6YC9piY3 的旧连接
2025-02-18T09:13:31.530Z info: 用户断开连接: vileplume(user_2syVazSeELnbOTs2gda6YC9piY3)
2025-02-18T09:13:31.531Z info: 用户 vileplume(user_2syVazSeELnbOTs2gda6YC9piY3) 已认证
2025-02-18T09:13:31.532Z info: 用户连接: vileplume(user_2syVazSeELnbOTs2gda6YC9piY3)
2025-02-18T09:13:31.533Z info: 断开用户 user_2syVazSeELnbOTs2gda6YC9piY3 的旧连接
2025-02-18T09:13:31.533Z info: 用户断开连接: vileplume(user_2syVazSeELnbOTs2gda6YC9piY3)
2025-02-18T09:13:31.533Z info: 用户 vileplume(user_2syVazSeELnbOTs2gda6YC9piY3) 已认证
2025-02-18T09:13:31.534Z info: 用户连接: vileplume(user_2syVazSeELnbOTs2gda6YC9piY3)
2025-02-18T09:13:31.539Z info: 断开用户 user_2sxxrh6lmhJcbTaV6xO11PTv9Ka 的旧连接
2025-02-18T09:13:31.540Z info: 用户断开连接: vileplume006(user_2sxxrh6lmhJcbTaV6xO11PTv9Ka)
2025-02-18T09:13:31.540Z info: 用户 vileplume006(user_2sxxrh6lmhJcbTaV6xO11PTv9Ka) 已认证
2025-02-18T09:13:31.541Z info: 用户连接: vileplume006(user_2sxxrh6lmhJcbTaV6xO11PTv9Ka)
2025-02-18T09:13:31.543Z info: 断开用户 user_2sxxrh6lmhJcbTaV6xO11PTv9Ka 的旧连接
2025-02-18T09:13:31.543Z info: 用户断开连接: vileplume006(user_2sxxrh6lmhJcbTaV6xO11PTv9Ka)
2025-02-18T09:13:31.543Z info: 用户 vileplume006(user_2sxxrh6lmhJcbTaV6xO11PTv9Ka) 已认证
2025-02-18T09:13:31.544Z info: 用户连接: vileplume006(user_2sxxrh6lmhJcbTaV6xO11PTv9Ka)
2025-02-18T09:13:31.554Z info: 房间 "12933" 已创建
2025-02-18T09:13:31.554Z info: 用户 "vileplume" 加入了房间 "12933"
2025-02-18T09:15:00.111Z info: 断开用户 user_2syVazSeELnbOTs2gda6YC9piY3 的旧连接
2025-02-18T09:15:00.113Z info: 用户断开连接: vileplume(user_2syVazSeELnbOTs2gda6YC9piY3)
2025-02-18T09:15:00.114Z info: 用户 vileplume(user_2syVazSeELnbOTs2gda6YC9piY3) 已认证
2025-02-18T09:15:00.117Z info: 用户连接: vileplume(user_2syVazSeELnbOTs2gda6YC9piY3)
2025-02-18T09:15:00.120Z info: 断开用户 user_2syVazSeELnbOTs2gda6YC9piY3 的旧连接
2025-02-18T09:15:00.121Z info: 用户断开连接: vileplume(user_2syVazSeELnbOTs2gda6YC9piY3)
2025-02-18T09:15:00.122Z info: 用户 vileplume(user_2syVazSeELnbOTs2gda6YC9piY3) 已认证
2025-02-18T09:15:00.123Z info: 用户连接: vileplume(user_2syVazSeELnbOTs2gda6YC9piY3)
2025-02-18T09:15:00.135Z info: 断开用户 user_2sxxrh6lmhJcbTaV6xO11PTv9Ka 的旧连接
2025-02-18T09:15:00.136Z info: 用户断开连接: vileplume006(user_2sxxrh6lmhJcbTaV6xO11PTv9Ka)
2025-02-18T09:15:00.137Z info: 用户 vileplume006(user_2sxxrh6lmhJcbTaV6xO11PTv9Ka) 已认证
2025-02-18T09:15:00.137Z info: 用户连接: vileplume006(user_2sxxrh6lmhJcbTaV6xO11PTv9Ka)
2025-02-18T09:15:00.138Z info: 断开用户 user_2sxxrh6lmhJcbTaV6xO11PTv9Ka 的旧连接
2025-02-18T09:15:00.139Z info: 用户断开连接: vileplume006(user_2sxxrh6lmhJcbTaV6xO11PTv9Ka)
2025-02-18T09:15:00.139Z info: 用户 vileplume006(user_2sxxrh6lmhJcbTaV6xO11PTv9Ka) 已认证
2025-02-18T09:15:00.139Z info: 用户连接: vileplume006(user_2sxxrh6lmhJcbTaV6xO11PTv9Ka)
2025-02-18T09:15:00.158Z info: 房间 "12933" 已创建
2025-02-18T09:15:00.159Z info: 用户 "vileplume" 加入了房间 "12933"
2025-02-18T09:15:04.833Z info: 断开用户 user_2syVazSeELnbOTs2gda6YC9piY3 的旧连接
2025-02-18T09:15:04.833Z info: 用户断开连接: vileplume(user_2syVazSeELnbOTs2gda6YC9piY3)
2025-02-18T09:15:04.834Z info: 用户 vileplume(user_2syVazSeELnbOTs2gda6YC9piY3) 已认证
2025-02-18T09:15:04.834Z info: 用户连接: vileplume(user_2syVazSeELnbOTs2gda6YC9piY3)
2025-02-18T09:15:04.836Z info: 断开用户 user_2syVazSeELnbOTs2gda6YC9piY3 的旧连接
2025-02-18T09:15:04.836Z info: 用户断开连接: vileplume(user_2syVazSeELnbOTs2gda6YC9piY3)
2025-02-18T09:15:04.837Z info: 用户 vileplume(user_2syVazSeELnbOTs2gda6YC9piY3) 已认证
2025-02-18T09:15:04.837Z info: 用户连接: vileplume(user_2syVazSeELnbOTs2gda6YC9piY3)
2025-02-18T09:15:04.845Z info: 断开用户 user_2sxxrh6lmhJcbTaV6xO11PTv9Ka 的旧连接
2025-02-18T09:15:04.845Z info: 用户断开连接: vileplume006(user_2sxxrh6lmhJcbTaV6xO11PTv9Ka)
2025-02-18T09:15:04.846Z info: 用户 vileplume006(user_2sxxrh6lmhJcbTaV6xO11PTv9Ka) 已认证
2025-02-18T09:15:04.846Z info: 用户连接: vileplume006(user_2sxxrh6lmhJcbTaV6xO11PTv9Ka)
2025-02-18T09:15:04.851Z info: 断开用户 user_2sxxrh6lmhJcbTaV6xO11PTv9Ka 的旧连接
2025-02-18T09:15:04.851Z info: 用户断开连接: vileplume006(user_2sxxrh6lmhJcbTaV6xO11PTv9Ka)
2025-02-18T09:15:04.852Z info: 用户 vileplume006(user_2sxxrh6lmhJcbTaV6xO11PTv9Ka) 已认证
2025-02-18T09:15:04.852Z info: 用户连接: vileplume006(user_2sxxrh6lmhJcbTaV6xO11PTv9Ka)
2025-02-18T09:15:04.858Z info: 房间 "12933" 已创建
2025-02-18T09:15:04.858Z info: 用户 "vileplume" 加入了房间 "12933"
2025-02-18T09:53:46.445Z info: 用户断开连接: vileplume006(user_2sxxrh6lmhJcbTaV6xO11PTv9Ka)
2025-02-18T09:53:47.316Z info: 用户 vileplume006(user_2sxxrh6lmhJcbTaV6xO11PTv9Ka) 已认证
2025-02-18T09:53:47.317Z info: 用户连接: vileplume006(user_2sxxrh6lmhJcbTaV6xO11PTv9Ka)
2025-02-18T09:53:47.318Z info: 断开用户 user_2sxxrh6lmhJcbTaV6xO11PTv9Ka 的旧连接
2025-02-18T09:53:47.318Z info: 用户断开连接: vileplume006(user_2sxxrh6lmhJcbTaV6xO11PTv9Ka)
2025-02-18T09:53:47.319Z info: 用户 vileplume006(user_2sxxrh6lmhJcbTaV6xO11PTv9Ka) 已认证
2025-02-18T09:53:47.319Z info: 用户连接: vileplume006(user_2sxxrh6lmhJcbTaV6xO11PTv9Ka)
2025-02-18T09:55:41.502Z info: 用户断开连接: vileplume006(user_2sxxrh6lmhJcbTaV6xO11PTv9Ka)
2025-02-18T09:55:42.280Z info: 用户 vileplume006(user_2sxxrh6lmhJcbTaV6xO11PTv9Ka) 已认证
2025-02-18T09:55:42.281Z info: 用户连接: vileplume006(user_2sxxrh6lmhJcbTaV6xO11PTv9Ka)
2025-02-18T09:55:42.283Z info: 断开用户 user_2sxxrh6lmhJcbTaV6xO11PTv9Ka 的旧连接
2025-02-18T09:55:42.283Z info: 用户断开连接: vileplume006(user_2sxxrh6lmhJcbTaV6xO11PTv9Ka)
2025-02-18T09:55:42.283Z info: 用户 vileplume006(user_2sxxrh6lmhJcbTaV6xO11PTv9Ka) 已认证
2025-02-18T09:55:42.284Z info: 用户连接: vileplume006(user_2sxxrh6lmhJcbTaV6xO11PTv9Ka)
2025-02-18T09:56:32.481Z info: 用户 "vileplume006" 加入了房间 "12933"
2025-02-18T09:56:45.647Z info: 用户 "vileplume006" 离开了房间 "12933"
2025-02-18T09:58:11.846Z info: 用户断开连接: vileplume(user_2syVazSeELnbOTs2gda6YC9piY3)
2025-02-18T09:58:12.676Z info: 用户断开连接: vileplume006(user_2sxxrh6lmhJcbTaV6xO11PTv9Ka)
2025-02-25T10:56:09.831Z info: Next.js and Socket.io server is running on port 3000
2025-02-25T10:58:03.387Z info: 用户 vileplume006(user_2sxxrh6lmhJcbTaV6xO11PTv9Ka) 已认证
2025-02-25T10:58:03.392Z info: 用户连接: vileplume006(user_2sxxrh6lmhJcbTaV6xO11PTv9Ka)
2025-02-25T10:58:03.396Z info: 断开用户 user_2sxxrh6lmhJcbTaV6xO11PTv9Ka 的旧连接
2025-02-25T10:58:03.398Z info: 用户断开连接: vileplume006(user_2sxxrh6lmhJcbTaV6xO11PTv9Ka)
2025-02-25T10:58:03.399Z info: 用户 vileplume006(user_2sxxrh6lmhJcbTaV6xO11PTv9Ka) 已认证
2025-02-25T10:58:03.400Z info: 用户连接: vileplume006(user_2sxxrh6lmhJcbTaV6xO11PTv9Ka)
2025-02-25T10:58:30.219Z info: 用户 vileplume(user_2syVazSeELnbOTs2gda6YC9piY3) 已认证
2025-02-25T10:58:30.221Z info: 用户连接: vileplume(user_2syVazSeELnbOTs2gda6YC9piY3)
2025-02-25T10:58:30.226Z info: 断开用户 user_2syVazSeELnbOTs2gda6YC9piY3 的旧连接
2025-02-25T10:58:30.229Z info: 用户断开连接: vileplume(user_2syVazSeELnbOTs2gda6YC9piY3)
2025-02-25T10:58:30.231Z info: 用户 vileplume(user_2syVazSeELnbOTs2gda6YC9piY3) 已认证
2025-02-25T10:58:30.232Z info: 用户连接: vileplume(user_2syVazSeELnbOTs2gda6YC9piY3)
2025-02-25T10:58:35.396Z info: 房间 "12118" 已创建
2025-02-25T10:58:35.398Z info: 用户 "vileplume" 加入了房间 "12118"
2025-02-25T10:58:45.005Z info: 用户 "vileplume006" 加入了房间 "12118"
2025-02-25T10:59:39.829Z info: 用户 testuser(user_2sxxcdDWU8RFiqwdxovsC0Tk6AI) 已认证
2025-02-25T10:59:39.831Z info: 用户连接: testuser(user_2sxxcdDWU8RFiqwdxovsC0Tk6AI)
2025-02-25T10:59:39.837Z info: 断开用户 user_2sxxcdDWU8RFiqwdxovsC0Tk6AI 的旧连接
2025-02-25T10:59:39.839Z info: 用户断开连接: testuser(user_2sxxcdDWU8RFiqwdxovsC0Tk6AI)
2025-02-25T10:59:39.841Z info: 用户 testuser(user_2sxxcdDWU8RFiqwdxovsC0Tk6AI) 已认证
2025-02-25T10:59:39.842Z info: 用户连接: testuser(user_2sxxcdDWU8RFiqwdxovsC0Tk6AI)
2025-02-25T11:00:01.528Z info: 用户 "vileplume006" 离开了房间 "12118"
2025-02-25T11:03:14.884Z info: 用户断开连接: vileplume006(user_2sxxrh6lmhJcbTaV6xO11PTv9Ka)
2025-02-25T11:03:15.788Z info: 用户 vileplume006(user_2sxxrh6lmhJcbTaV6xO11PTv9Ka) 已认证
2025-02-25T11:03:15.789Z info: 用户连接: vileplume006(user_2sxxrh6lmhJcbTaV6xO11PTv9Ka)
2025-02-25T11:03:15.794Z info: 断开用户 user_2sxxrh6lmhJcbTaV6xO11PTv9Ka 的旧连接
2025-02-25T11:03:15.795Z info: 用户断开连接: vileplume006(user_2sxxrh6lmhJcbTaV6xO11PTv9Ka)
2025-02-25T11:03:15.796Z info: 用户 vileplume006(user_2sxxrh6lmhJcbTaV6xO11PTv9Ka) 已认证
2025-02-25T11:03:15.797Z info: 用户连接: vileplume006(user_2sxxrh6lmhJcbTaV6xO11PTv9Ka)
2025-02-25T11:03:54.943Z info: 用户 "testuser" 加入了房间 "12118"
2025-02-25T11:28:10.095Z info: 用户 "testuser" 离开了房间 "12118"
2025-02-25T11:28:16.254Z info: 房间 "111111" 已创建
2025-02-25T11:28:16.257Z info: 用户 "testuser" 加入了房间 "111111"
2025-02-25T11:28:44.728Z info: 用户 "testuser" 离开了房间 "111111"
2025-02-25T11:28:49.136Z info: 用户 "testuser" 加入了房间 "111111"
